<?xml version="1.0" encoding="UTF-8"?>
<robot generator="Robot 4.1.2 (Python 3.10.0 on win32)" generated="20211031 21:05:34.919" rpa="false" schemaversion="2">
<suite id="s1" name="DesafioWeb-04" source="C:\Users\User01\Desktop\PrimeHero\tests\DesafioWeb-04.robot">
<test id="s1-t1" name="Caso de Teste 04: Adicionar Cliente">
<kw name="Abrir Navegador" type="SETUP">
<kw name="Open Browser" library="SeleniumLibrary">
<arg>browser=${BROWSER}</arg>
<doc>Opens a new browser instance to the optional ``url``.</doc>
<msg timestamp="20211031 21:05:35.248" level="INFO">Opening browser 'chrome' to base url 'None'.</msg>
<status status="PASS" starttime="20211031 21:05:35.247" endtime="20211031 21:05:36.687"/>
</kw>
<kw name="Maximize Browser Window" library="SeleniumLibrary">
<doc>Maximizes current browser window.</doc>
<status status="PASS" starttime="20211031 21:05:36.687" endtime="20211031 21:05:36.822"/>
</kw>
<status status="PASS" starttime="20211031 21:05:35.247" endtime="20211031 21:05:36.822"/>
</kw>
<kw name="Acessar a página home do site">
<kw name="Go To" library="SeleniumLibrary">
<arg>${URL}</arg>
<doc>Navigates the current browser window to the provided ``url``.</doc>
<msg timestamp="20211031 21:05:36.824" level="INFO">Opening url 'http://automationpractice.com/index.php'</msg>
<status status="PASS" starttime="20211031 21:05:36.824" endtime="20211031 21:05:41.583"/>
</kw>
<kw name="Title Should Be" library="SeleniumLibrary">
<arg>My Store</arg>
<doc>Verifies that the current page title equals ``title``.</doc>
<msg timestamp="20211031 21:05:41.588" level="INFO">Page title is 'My Store'.</msg>
<status status="PASS" starttime="20211031 21:05:41.583" endtime="20211031 21:05:41.588"/>
</kw>
<kw name="Wait Until Element Is Visible" library="SeleniumLibrary">
<arg>id=block_top_menu</arg>
<doc>Waits until the element ``locator`` is visible.</doc>
<status status="PASS" starttime="20211031 21:05:41.588" endtime="20211031 21:05:41.617"/>
</kw>
<status status="PASS" starttime="20211031 21:05:36.823" endtime="20211031 21:05:41.617"/>
</kw>
<kw name="Clicar em &quot;Sign in&quot;">
<kw name="Click Element" library="SeleniumLibrary">
<arg>//*[@class="login"]</arg>
<doc>Click the element identified by ``locator``.</doc>
<msg timestamp="20211031 21:05:41.619" level="INFO">Clicking element '//*[@class="login"]'.</msg>
<status status="PASS" starttime="20211031 21:05:41.619" endtime="20211031 21:05:43.765"/>
</kw>
<status status="PASS" starttime="20211031 21:05:41.618" endtime="20211031 21:05:43.765"/>
</kw>
<kw name="Informar um e-mail válido">
<kw name="Title Should Be" library="SeleniumLibrary">
<arg>Login - My Store</arg>
<doc>Verifies that the current page title equals ``title``.</doc>
<msg timestamp="20211031 21:05:43.770" level="INFO">Page title is 'Login - My Store'.</msg>
<status status="PASS" starttime="20211031 21:05:43.766" endtime="20211031 21:05:43.770"/>
</kw>
<kw name="Input Text" library="SeleniumLibrary">
<arg>id=email_create</arg>
<arg>andrelucasbaldaia@gmail.com</arg>
<doc>Types the given ``text`` into the text field identified by ``locator``.</doc>
<msg timestamp="20211031 21:05:43.771" level="INFO">Typing text 'andrelucasbaldaia@gmail.com' into text field 'id=email_create'.</msg>
<status status="PASS" starttime="20211031 21:05:43.771" endtime="20211031 21:05:43.916"/>
</kw>
<status status="PASS" starttime="20211031 21:05:43.765" endtime="20211031 21:05:43.916"/>
</kw>
<kw name="Clicar em &quot;Create an account&quot;">
<kw name="Click Button" library="SeleniumLibrary">
<arg>//*[@id="SubmitCreate"]</arg>
<doc>Clicks the button identified by ``locator``.</doc>
<msg timestamp="20211031 21:05:43.918" level="INFO">Clicking button '//*[@id="SubmitCreate"]'.</msg>
<status status="PASS" starttime="20211031 21:05:43.917" endtime="20211031 21:05:44.015"/>
</kw>
<status status="PASS" starttime="20211031 21:05:43.917" endtime="20211031 21:05:44.016"/>
</kw>
<kw name="Preencher os dados obrigatórios">
<kw name="Select Radio Button" library="SeleniumLibrary">
<arg>//*[@id="id_gender1"]</arg>
<doc>Sets the radio button group ``group_name`` to ``value``.</doc>
<msg timestamp="20211031 21:05:44.017" level="FAIL">Keyword 'SeleniumLibrary.Select Radio Button' expected 2 arguments, got 1.</msg>
<status status="FAIL" starttime="20211031 21:05:44.017" endtime="20211031 21:05:44.017"/>
</kw>
<kw name="Input Text" library="SeleniumLibrary">
<arg>id=customer_firstname</arg>
<arg>André Lucas</arg>
<doc>Types the given ``text`` into the text field identified by ``locator``.</doc>
<status status="NOT RUN" starttime="20211031 21:05:44.018" endtime="20211031 21:05:44.018"/>
</kw>
<kw name="Input Text" library="SeleniumLibrary">
<arg>id=customer_lastname</arg>
<arg>Baldaia</arg>
<doc>Types the given ``text`` into the text field identified by ``locator``.</doc>
<status status="NOT RUN" starttime="20211031 21:05:44.018" endtime="20211031 21:05:44.018"/>
</kw>
<kw name="Input Text" library="SeleniumLibrary">
<arg>id=passwd</arg>
<arg>senha</arg>
<doc>Types the given ``text`` into the text field identified by ``locator``.</doc>
<status status="NOT RUN" starttime="20211031 21:05:44.018" endtime="20211031 21:05:44.018"/>
</kw>
<kw name="Input Text" library="SeleniumLibrary">
<arg>id=days</arg>
<arg>16</arg>
<doc>Types the given ``text`` into the text field identified by ``locator``.</doc>
<status status="NOT RUN" starttime="20211031 21:05:44.019" endtime="20211031 21:05:44.019"/>
</kw>
<kw name="Input Text" library="SeleniumLibrary">
<arg>id=months</arg>
<arg>February</arg>
<doc>Types the given ``text`` into the text field identified by ``locator``.</doc>
<status status="NOT RUN" starttime="20211031 21:05:44.019" endtime="20211031 21:05:44.019"/>
</kw>
<kw name="Input Text" library="SeleniumLibrary">
<arg>id=years</arg>
<arg>2004</arg>
<doc>Types the given ``text`` into the text field identified by ``locator``.</doc>
<status status="NOT RUN" starttime="20211031 21:05:44.019" endtime="20211031 21:05:44.019"/>
</kw>
<kw name="Input Text" library="SeleniumLibrary">
<arg>id=address1</arg>
<arg>Eva Pereira Correia</arg>
<doc>Types the given ``text`` into the text field identified by ``locator``.</doc>
<status status="NOT RUN" starttime="20211031 21:05:44.020" endtime="20211031 21:05:44.020"/>
</kw>
<kw name="Input Text" library="SeleniumLibrary">
<arg>id=city</arg>
<arg>Curitiba</arg>
<doc>Types the given ``text`` into the text field identified by ``locator``.</doc>
<status status="NOT RUN" starttime="20211031 21:05:44.020" endtime="20211031 21:05:44.020"/>
</kw>
<kw name="Input Text" library="SeleniumLibrary">
<arg>id=id_state</arg>
<arg>Florida</arg>
<doc>Types the given ``text`` into the text field identified by ``locator``.</doc>
<status status="NOT RUN" starttime="20211031 21:05:44.020" endtime="20211031 21:05:44.020"/>
</kw>
<kw name="Input Text" library="SeleniumLibrary">
<arg>id=postcode</arg>
<arg>33034</arg>
<doc>Types the given ``text`` into the text field identified by ``locator``.</doc>
<status status="NOT RUN" starttime="20211031 21:05:44.020" endtime="20211031 21:05:44.020"/>
</kw>
<kw name="Input Text" library="SeleniumLibrary">
<arg>id=id_country</arg>
<arg>United States</arg>
<doc>Types the given ``text`` into the text field identified by ``locator``.</doc>
<status status="NOT RUN" starttime="20211031 21:05:44.020" endtime="20211031 21:05:44.021"/>
</kw>
<kw name="Input Text" library="SeleniumLibrary">
<arg>id=phone</arg>
<arg>32989812</arg>
<doc>Types the given ``text`` into the text field identified by ``locator``.</doc>
<status status="NOT RUN" starttime="20211031 21:05:44.021" endtime="20211031 21:05:44.021"/>
</kw>
<kw name="Input Text" library="SeleniumLibrary">
<arg>id=phone_mobile</arg>
<arg>991279729</arg>
<doc>Types the given ``text`` into the text field identified by ``locator``.</doc>
<status status="NOT RUN" starttime="20211031 21:05:44.021" endtime="20211031 21:05:44.021"/>
</kw>
<status status="FAIL" starttime="20211031 21:05:44.016" endtime="20211031 21:05:44.021"/>
</kw>
<kw name="Submeter cadastro">
<status status="NOT RUN" starttime="20211031 21:05:44.022" endtime="20211031 21:05:44.022"/>
</kw>
<kw name="Conferir se o cadastro foi efetuado com sucesso">
<status status="NOT RUN" starttime="20211031 21:05:44.022" endtime="20211031 21:05:44.022"/>
</kw>
<kw name="Fechar Navegador" type="TEARDOWN">
<kw name="Capture Page Screenshot" library="SeleniumLibrary">
<doc>Takes a screenshot of the current page and embeds it into a log file.</doc>
<msg timestamp="20211031 21:05:44.327" level="INFO" html="true">&lt;/td&gt;&lt;/tr&gt;&lt;tr&gt;&lt;td colspan="3"&gt;&lt;a href="selenium-screenshot-3.png"&gt;&lt;img src="selenium-screenshot-3.png" width="800px"&gt;&lt;/a&gt;</msg>
<status status="PASS" starttime="20211031 21:05:44.025" endtime="20211031 21:05:44.328"/>
</kw>
<kw name="Close Browser" library="SeleniumLibrary">
<doc>Closes the current browser.</doc>
<status status="PASS" starttime="20211031 21:05:44.328" endtime="20211031 21:05:47.591"/>
</kw>
<status status="PASS" starttime="20211031 21:05:44.024" endtime="20211031 21:05:47.591"/>
</kw>
<status status="FAIL" starttime="20211031 21:05:35.246" endtime="20211031 21:05:47.592">Keyword 'SeleniumLibrary.Select Radio Button' expected 2 arguments, got 1.</status>
</test>
<doc>Aqui estará presente o quarto exercício de teste Web estipulado pelo professor</doc>
<status status="FAIL" starttime="20211031 21:05:34.922" endtime="20211031 21:05:47.593"/>
</suite>
<statistics>
<total>
<stat pass="0" fail="1" skip="0">All Tests</stat>
</total>
<tag>
</tag>
<suite>
<stat pass="0" fail="1" skip="0" id="s1" name="DesafioWeb-04">DesafioWeb-04</stat>
</suite>
</statistics>
<errors>
</errors>
</robot>
